     1                                  bits 32 ; assembling for the 32 bits architecture
     2                                  
     3                                  
     4                                  ; declare the EntryPoint (a label defining the very first instruction of the program)
     5                                  global start        
     6                                  
     7                                  ; declare external functions needed by our program
     8                                  extern exit               ; tell nasm that exit exists even if we won't be defining it
     9                                  import exit msvcrt.dll    ; exit is a function that ends the calling process. It is defined in msvcrt.dll
    10                                                            ; msvcrt.dll contains exit, printf and all the other important C-runtime specific functions
    11                                  
    12                                  ; our data is declared here (the variables needed by our program)
    13                                  segment data use32 class=data
    14 00000000 0F                          a db 15
    15 00000001 03                          b db 3
    16 00000002 04                          c db 4
    17 00000003 1C                          d db 28
    18                                  
    19                                  ; our code starts here
    20                                  segment code use32 class=code
    21                                      start:
    22                                          ; d-(a+b)-(c+c)
    23 00000000 A0[03000000]                    mov AL, [d]
    24 00000005 8A1D[00000000]                  mov BL, [a]
    25 0000000B 021D[01000000]                  add BL, [b] ; BL = a + b
    26 00000011 28D8                            sub AL, BL ; AL = d - (a+b)
    27                                          
    28 00000013 8A1D[02000000]                  mov BL, [c] ; BL = c
    29 00000019 021D[02000000]                  add BL, [c] ; BL = c + c
    30                                          
    31 0000001F 28D8                            sub AL, BL ; AL = d - (a+b) - (c+c)
    32                                      
    33                                          ; exit(0)
    34 00000021 6A00                            push    dword 0      ; push the parameter for exit onto the stack
    35 00000023 FF15[00000000]                  call    [exit]       ; call exit to terminate the program
