     1                                  bits 32 ; assembling for the 32 bits architecture
     2                                  
     3                                  ; declare the EntryPoint (a label defining the very first instruction of the program)
     4                                  global start        
     5                                  
     6                                  ; declare external functions needed by our program
     7                                  extern exit               ; tell nasm that exit exists even if we won't be defining it
     8                                  import exit msvcrt.dll    ; exit is a function that ends the calling process. It is defined in msvcrt.dll
     9                                                            ; msvcrt.dll contains exit, printf and all the other important C-runtime specific functions
    10                                  
    11                                  ; our data is declared here (the variables needed by our program)
    12                                  segment data use32 class=data
    13 00000000 0800                        a dw 8
    14 00000002 0500                        b dw 5
    15 00000004 0600                        c dw 6
    16 00000006 0400                        d dw 4
    17                                  
    18                                  ; our code starts here
    19                                  segment code use32 class=code
    20                                      start:
    21                                          ; a-b+(c-d+a)
    22                                          ; a, b, c, d - word
    23 00000000 66A1[00000000]                  mov AX, [a]
    24 00000006 662B05[02000000]                sub AX, [b]
    25                                          
    26 0000000D 668B1D[04000000]                mov BX, [c]
    27 00000014 662B1D[06000000]                sub BX, [d]
    28 0000001B 66031D[00000000]                add BX, [a]
    29                                          
    30 00000022 6601D8                          add AX, BX
    31                                          
    32                                          ; exit(0)
    33 00000025 6A00                            push    dword 0      ; push the parameter for exit onto the stack
    34 00000027 FF15[00000000]                  call    [exit]       ; call exit to terminate the program
